<?xml version="1.0" encoding="UTF-8"?>
<testng-results ignored="0" total="23" passed="23" failed="0" skipped="0">
  <reporter-output>
  </reporter-output>
  <suite started-at="2024-05-29T19:23:58 IST" name="Default suite" finished-at="2024-05-29T19:41:58 IST" duration-ms="1080293">
    <groups>
    </groups>
    <test started-at="2024-05-29T19:23:58 IST" name="Default test" finished-at="2024-05-29T19:41:58 IST" duration-ms="1080293">
      <class name="testcase.KSmoke">
        <test-method is-config="true" signature="initial()[pri:0, instance:testcase.KSmoke@31fa1761]" started-at="2024-05-29T19:23:57 IST" name="initial" finished-at="2024-05-29T19:23:58 IST" duration-ms="746" status="PASS">
          <reporter-output>
          </reporter-output>
        </test-method> <!-- initial -->
        <test-method is-config="true" signature="setup()[pri:0, instance:testcase.KSmoke@31fa1761]" started-at="2024-05-29T19:23:58 IST" name="setup" finished-at="2024-05-29T19:24:14 IST" duration-ms="16154" status="PASS">
          <reporter-output>
          </reporter-output>
        </test-method> <!-- setup -->
        <test-method signature="Add_Customer()[pri:1, instance:testcase.KSmoke@31fa1761]" started-at="2024-05-29T19:24:14 IST" name="Add_Customer" finished-at="2024-05-29T19:24:35 IST" duration-ms="21581" status="PASS">
          <reporter-output>
          </reporter-output>
        </test-method> <!-- Add_Customer -->
        <test-method is-config="true" signature="teardown(org.testng.ITestResult)[pri:0, instance:testcase.KSmoke@31fa1761]" started-at="2024-05-29T19:24:35 IST" name="teardown" finished-at="2024-05-29T19:24:37 IST" duration-ms="1816" status="PASS">
          <params>
            <param index="0">
              <value>
                <![CDATA[[TestResult name=Add_Customer status=SUCCESS method=KSmoke.Add_Customer()[pri:1, instance:testcase.KSmoke@31fa1761] output={null}]]]>
              </value>
            </param>
          </params>
          <reporter-output>
          </reporter-output>
        </test-method> <!-- teardown -->
        <test-method signature="Asset()[pri:2, instance:testcase.KSmoke@31fa1761]" started-at="2024-05-29T19:24:37 IST" name="Asset" finished-at="2024-05-29T19:24:49 IST" duration-ms="11453" status="PASS">
          <reporter-output>
          </reporter-output>
        </test-method> <!-- Asset -->
        <test-method is-config="true" signature="teardown(org.testng.ITestResult)[pri:0, instance:testcase.KSmoke@31fa1761]" started-at="2024-05-29T19:24:49 IST" name="teardown" finished-at="2024-05-29T19:24:54 IST" duration-ms="5132" status="PASS">
          <params>
            <param index="0">
              <value>
                <![CDATA[[TestResult name=Asset status=SUCCESS method=KSmoke.Asset()[pri:2, instance:testcase.KSmoke@31fa1761] output={null}]]]>
              </value>
            </param>
          </params>
          <reporter-output>
          </reporter-output>
        </test-method> <!-- teardown -->
        <test-method signature="Contract_Creation_for_Customer()[pri:3, instance:testcase.KSmoke@31fa1761]" started-at="2024-05-29T19:24:54 IST" name="Contract_Creation_for_Customer" finished-at="2024-05-29T19:27:00 IST" duration-ms="126741" status="PASS">
          <reporter-output>
          </reporter-output>
        </test-method> <!-- Contract_Creation_for_Customer -->
        <test-method is-config="true" signature="teardown(org.testng.ITestResult)[pri:0, instance:testcase.KSmoke@31fa1761]" started-at="2024-05-29T19:27:00 IST" name="teardown" finished-at="2024-05-29T19:27:05 IST" duration-ms="4855" status="PASS">
          <params>
            <param index="0">
              <value>
                <![CDATA[[TestResult name=Contract_Creation_for_Customer status=SUCCESS method=KSmoke.Contract_Creation_for_Customer()[pri:3, instance:testcase.KSmoke@31fa1761] output={null}]]]>
              </value>
            </param>
          </params>
          <reporter-output>
          </reporter-output>
        </test-method> <!-- teardown -->
        <test-method signature="Add_job_Prefinal()[pri:4, instance:testcase.KSmoke@31fa1761]" started-at="2024-05-29T19:27:05 IST" name="Add_job_Prefinal" finished-at="2024-05-29T19:27:51 IST" duration-ms="45403" status="PASS">
          <reporter-output>
          </reporter-output>
        </test-method> <!-- Add_job_Prefinal -->
        <test-method is-config="true" signature="teardown(org.testng.ITestResult)[pri:0, instance:testcase.KSmoke@31fa1761]" started-at="2024-05-29T19:27:51 IST" name="teardown" finished-at="2024-05-29T19:27:53 IST" duration-ms="1887" status="PASS">
          <params>
            <param index="0">
              <value>
                <![CDATA[[TestResult name=Add_job_Prefinal status=SUCCESS method=KSmoke.Add_job_Prefinal()[pri:4, instance:testcase.KSmoke@31fa1761] output={null}]]]>
              </value>
            </param>
          </params>
          <reporter-output>
          </reporter-output>
        </test-method> <!-- teardown -->
        <test-method signature="Asset_to_new_customer()[pri:5, instance:testcase.KSmoke@31fa1761]" started-at="2024-05-29T19:27:53 IST" name="Asset_to_new_customer" finished-at="2024-05-29T19:28:04 IST" duration-ms="11849" status="PASS">
          <reporter-output>
          </reporter-output>
        </test-method> <!-- Asset_to_new_customer -->
        <test-method is-config="true" signature="teardown(org.testng.ITestResult)[pri:0, instance:testcase.KSmoke@31fa1761]" started-at="2024-05-29T19:28:04 IST" name="teardown" finished-at="2024-05-29T19:28:06 IST" duration-ms="1638" status="PASS">
          <params>
            <param index="0">
              <value>
                <![CDATA[[TestResult name=Asset_to_new_customer status=SUCCESS method=KSmoke.Asset_to_new_customer()[pri:5, instance:testcase.KSmoke@31fa1761] output={null}]]]>
              </value>
            </param>
          </params>
          <reporter-output>
          </reporter-output>
        </test-method> <!-- teardown -->
        <test-method signature="Add_job_Final_Complete()[pri:6, instance:testcase.KSmoke@31fa1761]" started-at="2024-05-29T19:28:06 IST" name="Add_job_Final_Complete" finished-at="2024-05-29T19:28:42 IST" duration-ms="36302" status="PASS">
          <reporter-output>
          </reporter-output>
        </test-method> <!-- Add_job_Final_Complete -->
        <test-method is-config="true" signature="teardown(org.testng.ITestResult)[pri:0, instance:testcase.KSmoke@31fa1761]" started-at="2024-05-29T19:28:42 IST" name="teardown" finished-at="2024-05-29T19:28:48 IST" duration-ms="5089" status="PASS">
          <params>
            <param index="0">
              <value>
                <![CDATA[[TestResult name=Add_job_Final_Complete status=SUCCESS method=KSmoke.Add_job_Final_Complete()[pri:6, instance:testcase.KSmoke@31fa1761] output={null}]]]>
              </value>
            </param>
          </params>
          <reporter-output>
          </reporter-output>
        </test-method> <!-- teardown -->
        <test-method signature="Addjob_NoRules()[pri:7, instance:testcase.KSmoke@31fa1761]" started-at="2024-05-29T19:28:48 IST" name="Addjob_NoRules" finished-at="2024-05-29T19:29:16 IST" duration-ms="28446" status="PASS">
          <reporter-output>
          </reporter-output>
        </test-method> <!-- Addjob_NoRules -->
        <test-method is-config="true" signature="teardown(org.testng.ITestResult)[pri:0, instance:testcase.KSmoke@31fa1761]" started-at="2024-05-29T19:29:16 IST" name="teardown" finished-at="2024-05-29T19:29:18 IST" duration-ms="1970" status="PASS">
          <params>
            <param index="0">
              <value>
                <![CDATA[[TestResult name=Addjob_NoRules status=SUCCESS method=KSmoke.Addjob_NoRules()[pri:7, instance:testcase.KSmoke@31fa1761] output={null}]]]>
              </value>
            </param>
          </params>
          <reporter-output>
          </reporter-output>
        </test-method> <!-- teardown -->
        <test-method signature="Addjob_NoRules_Adddtional()[pri:8, instance:testcase.KSmoke@31fa1761]" started-at="2024-05-29T19:29:18 IST" name="Addjob_NoRules_Adddtional" finished-at="2024-05-29T19:29:51 IST" duration-ms="33166" status="PASS">
          <reporter-output>
          </reporter-output>
        </test-method> <!-- Addjob_NoRules_Adddtional -->
        <test-method is-config="true" signature="teardown(org.testng.ITestResult)[pri:0, instance:testcase.KSmoke@31fa1761]" started-at="2024-05-29T19:29:51 IST" name="teardown" finished-at="2024-05-29T19:29:56 IST" duration-ms="4938" status="PASS">
          <params>
            <param index="0">
              <value>
                <![CDATA[[TestResult name=Addjob_NoRules_Adddtional status=SUCCESS method=KSmoke.Addjob_NoRules_Adddtional()[pri:8, instance:testcase.KSmoke@31fa1761] output={null}]]]>
              </value>
            </param>
          </params>
          <reporter-output>
          </reporter-output>
        </test-method> <!-- teardown -->
        <test-method signature="Estimate_Accept()[pri:9, instance:testcase.KSmoke@31fa1761]" started-at="2024-05-29T19:29:56 IST" name="Estimate_Accept" finished-at="2024-05-29T19:30:46 IST" duration-ms="50461" status="PASS">
          <reporter-output>
          </reporter-output>
        </test-method> <!-- Estimate_Accept -->
        <test-method is-config="true" signature="teardown(org.testng.ITestResult)[pri:0, instance:testcase.KSmoke@31fa1761]" started-at="2024-05-29T19:30:46 IST" name="teardown" finished-at="2024-05-29T19:30:48 IST" duration-ms="1743" status="PASS">
          <params>
            <param index="0">
              <value>
                <![CDATA[[TestResult name=Estimate_Accept status=SUCCESS method=KSmoke.Estimate_Accept()[pri:9, instance:testcase.KSmoke@31fa1761] output={null}]]]>
              </value>
            </param>
          </params>
          <reporter-output>
          </reporter-output>
        </test-method> <!-- teardown -->
        <test-method signature="Estimate_Reject()[pri:10, instance:testcase.KSmoke@31fa1761]" started-at="2024-05-29T19:30:48 IST" name="Estimate_Reject" finished-at="2024-05-29T19:31:34 IST" duration-ms="45372" status="PASS">
          <reporter-output>
          </reporter-output>
        </test-method> <!-- Estimate_Reject -->
        <test-method is-config="true" signature="teardown(org.testng.ITestResult)[pri:0, instance:testcase.KSmoke@31fa1761]" started-at="2024-05-29T19:31:34 IST" name="teardown" finished-at="2024-05-29T19:31:39 IST" duration-ms="4985" status="PASS">
          <params>
            <param index="0">
              <value>
                <![CDATA[[TestResult name=Estimate_Reject status=SUCCESS method=KSmoke.Estimate_Reject()[pri:10, instance:testcase.KSmoke@31fa1761] output={null}]]]>
              </value>
            </param>
          </params>
          <reporter-output>
          </reporter-output>
        </test-method> <!-- teardown -->
        <test-method signature="Addjob_NoRules_DiaryEvent()[pri:11, instance:testcase.KSmoke@31fa1761]" started-at="2024-05-29T19:31:39 IST" name="Addjob_NoRules_DiaryEvent" finished-at="2024-05-29T19:32:14 IST" duration-ms="35630" status="PASS">
          <reporter-output>
          </reporter-output>
        </test-method> <!-- Addjob_NoRules_DiaryEvent -->
        <test-method is-config="true" signature="teardown(org.testng.ITestResult)[pri:0, instance:testcase.KSmoke@31fa1761]" started-at="2024-05-29T19:32:14 IST" name="teardown" finished-at="2024-05-29T19:32:16 IST" duration-ms="1727" status="PASS">
          <params>
            <param index="0">
              <value>
                <![CDATA[[TestResult name=Addjob_NoRules_DiaryEvent status=SUCCESS method=KSmoke.Addjob_NoRules_DiaryEvent()[pri:11, instance:testcase.KSmoke@31fa1761] output={null}]]]>
              </value>
            </param>
          </params>
          <reporter-output>
          </reporter-output>
        </test-method> <!-- teardown -->
        <test-method signature="Addpayment_job()[pri:12, instance:testcase.KSmoke@31fa1761]" started-at="2024-05-29T19:32:16 IST" name="Addpayment_job" finished-at="2024-05-29T19:32:46 IST" duration-ms="30145" status="PASS">
          <reporter-output>
          </reporter-output>
        </test-method> <!-- Addpayment_job -->
        <test-method is-config="true" signature="teardown(org.testng.ITestResult)[pri:0, instance:testcase.KSmoke@31fa1761]" started-at="2024-05-29T19:32:46 IST" name="teardown" finished-at="2024-05-29T19:32:51 IST" duration-ms="4799" status="PASS">
          <params>
            <param index="0">
              <value>
                <![CDATA[[TestResult name=Addpayment_job status=SUCCESS method=KSmoke.Addpayment_job()[pri:12, instance:testcase.KSmoke@31fa1761] output={null}]]]>
              </value>
            </param>
          </params>
          <reporter-output>
          </reporter-output>
        </test-method> <!-- teardown -->
        <test-method signature="Workaddress_Add()[pri:13, instance:testcase.KSmoke@31fa1761]" started-at="2024-05-29T19:32:51 IST" name="Workaddress_Add" finished-at="2024-05-29T19:33:16 IST" duration-ms="24665" status="PASS">
          <reporter-output>
          </reporter-output>
        </test-method> <!-- Workaddress_Add -->
        <test-method is-config="true" signature="teardown(org.testng.ITestResult)[pri:0, instance:testcase.KSmoke@31fa1761]" started-at="2024-05-29T19:33:16 IST" name="teardown" finished-at="2024-05-29T19:33:17 IST" duration-ms="1875" status="PASS">
          <params>
            <param index="0">
              <value>
                <![CDATA[[TestResult name=Workaddress_Add status=SUCCESS method=KSmoke.Workaddress_Add()[pri:13, instance:testcase.KSmoke@31fa1761] output={null}]]]>
              </value>
            </param>
          </params>
          <reporter-output>
          </reporter-output>
        </test-method> <!-- teardown -->
        <test-method signature="Asset_to_WA()[pri:14, instance:testcase.KSmoke@31fa1761]" started-at="2024-05-29T19:33:17 IST" name="Asset_to_WA" finished-at="2024-05-29T19:33:29 IST" duration-ms="11202" status="PASS">
          <reporter-output>
          </reporter-output>
        </test-method> <!-- Asset_to_WA -->
        <test-method is-config="true" signature="teardown(org.testng.ITestResult)[pri:0, instance:testcase.KSmoke@31fa1761]" started-at="2024-05-29T19:33:29 IST" name="teardown" finished-at="2024-05-29T19:33:30 IST" duration-ms="1699" status="PASS">
          <params>
            <param index="0">
              <value>
                <![CDATA[[TestResult name=Asset_to_WA status=SUCCESS method=KSmoke.Asset_to_WA()[pri:14, instance:testcase.KSmoke@31fa1761] output={null}]]]>
              </value>
            </param>
          </params>
          <reporter-output>
          </reporter-output>
        </test-method> <!-- teardown -->
        <test-method signature="New_Contract_Template_Creation()[pri:15, instance:testcase.KSmoke@31fa1761]" started-at="2024-05-29T19:33:30 IST" name="New_Contract_Template_Creation" finished-at="2024-05-29T19:36:23 IST" duration-ms="172470" status="PASS">
          <reporter-output>
          </reporter-output>
        </test-method> <!-- New_Contract_Template_Creation -->
        <test-method is-config="true" signature="teardown(org.testng.ITestResult)[pri:0, instance:testcase.KSmoke@31fa1761]" started-at="2024-05-29T19:36:23 IST" name="teardown" finished-at="2024-05-29T19:36:28 IST" duration-ms="4950" status="PASS">
          <params>
            <param index="0">
              <value>
                <![CDATA[[TestResult name=New_Contract_Template_Creation status=SUCCESS method=KSmoke.New_Contract_Template_Creation()[pri:15, instance:testcase.KSmoke@31fa1761] output={null}]]]>
              </value>
            </param>
          </params>
          <reporter-output>
          </reporter-output>
        </test-method> <!-- teardown -->
        <test-method signature="Add_new_contract_to_customer()[pri:16, instance:testcase.KSmoke@31fa1761]" started-at="2024-05-29T19:36:28 IST" name="Add_new_contract_to_customer" finished-at="2024-05-29T19:38:58 IST" duration-ms="150439" status="PASS">
          <reporter-output>
          </reporter-output>
        </test-method> <!-- Add_new_contract_to_customer -->
        <test-method is-config="true" signature="teardown(org.testng.ITestResult)[pri:0, instance:testcase.KSmoke@31fa1761]" started-at="2024-05-29T19:38:58 IST" name="teardown" finished-at="2024-05-29T19:39:00 IST" duration-ms="1867" status="PASS">
          <params>
            <param index="0">
              <value>
                <![CDATA[[TestResult name=Add_new_contract_to_customer status=SUCCESS method=KSmoke.Add_new_contract_to_customer()[pri:16, instance:testcase.KSmoke@31fa1761] output={null}]]]>
              </value>
            </param>
          </params>
          <reporter-output>
          </reporter-output>
        </test-method> <!-- teardown -->
        <test-method signature="Verification_on_Contract_creation()[pri:17, instance:testcase.KSmoke@31fa1761]" started-at="2024-05-29T19:39:00 IST" name="Verification_on_Contract_creation" finished-at="2024-05-29T19:39:24 IST" duration-ms="23710" status="PASS">
          <reporter-output>
          </reporter-output>
        </test-method> <!-- Verification_on_Contract_creation -->
        <test-method is-config="true" signature="teardown(org.testng.ITestResult)[pri:0, instance:testcase.KSmoke@31fa1761]" started-at="2024-05-29T19:39:24 IST" name="teardown" finished-at="2024-05-29T19:39:26 IST" duration-ms="2096" status="PASS">
          <params>
            <param index="0">
              <value>
                <![CDATA[[TestResult name=Verification_on_Contract_creation status=SUCCESS method=KSmoke.Verification_on_Contract_creation()[pri:17, instance:testcase.KSmoke@31fa1761] output={null}]]]>
              </value>
            </param>
          </params>
          <reporter-output>
          </reporter-output>
        </test-method> <!-- teardown -->
        <test-method signature="Verification_on_Contract_Activation()[pri:18, instance:testcase.KSmoke@31fa1761]" started-at="2024-05-29T19:39:26 IST" name="Verification_on_Contract_Activation" finished-at="2024-05-29T19:39:49 IST" duration-ms="22825" status="PASS">
          <reporter-output>
          </reporter-output>
        </test-method> <!-- Verification_on_Contract_Activation -->
        <test-method is-config="true" signature="teardown(org.testng.ITestResult)[pri:0, instance:testcase.KSmoke@31fa1761]" started-at="2024-05-29T19:39:49 IST" name="teardown" finished-at="2024-05-29T19:39:54 IST" duration-ms="5128" status="PASS">
          <params>
            <param index="0">
              <value>
                <![CDATA[[TestResult name=Verification_on_Contract_Activation status=SUCCESS method=KSmoke.Verification_on_Contract_Activation()[pri:18, instance:testcase.KSmoke@31fa1761] output={null}]]]>
              </value>
            </param>
          </params>
          <reporter-output>
          </reporter-output>
        </test-method> <!-- teardown -->
        <test-method signature="Verification_on_Contract_Communication()[pri:19, instance:testcase.KSmoke@31fa1761]" started-at="2024-05-29T19:39:54 IST" name="Verification_on_Contract_Communication" finished-at="2024-05-29T19:40:17 IST" duration-ms="22791" status="PASS">
          <reporter-output>
          </reporter-output>
        </test-method> <!-- Verification_on_Contract_Communication -->
        <test-method is-config="true" signature="teardown(org.testng.ITestResult)[pri:0, instance:testcase.KSmoke@31fa1761]" started-at="2024-05-29T19:40:17 IST" name="teardown" finished-at="2024-05-29T19:40:19 IST" duration-ms="2091" status="PASS">
          <params>
            <param index="0">
              <value>
                <![CDATA[[TestResult name=Verification_on_Contract_Communication status=SUCCESS method=KSmoke.Verification_on_Contract_Communication()[pri:19, instance:testcase.KSmoke@31fa1761] output={null}]]]>
              </value>
            </param>
          </params>
          <reporter-output>
          </reporter-output>
        </test-method> <!-- teardown -->
        <test-method signature="Verification_on_Contract_Invoice()[pri:20, instance:testcase.KSmoke@31fa1761]" started-at="2024-05-29T19:40:19 IST" name="Verification_on_Contract_Invoice" finished-at="2024-05-29T19:40:42 IST" duration-ms="22851" status="PASS">
          <reporter-output>
          </reporter-output>
        </test-method> <!-- Verification_on_Contract_Invoice -->
        <test-method is-config="true" signature="teardown(org.testng.ITestResult)[pri:0, instance:testcase.KSmoke@31fa1761]" started-at="2024-05-29T19:40:42 IST" name="teardown" finished-at="2024-05-29T19:40:44 IST" duration-ms="2032" status="PASS">
          <params>
            <param index="0">
              <value>
                <![CDATA[[TestResult name=Verification_on_Contract_Invoice status=SUCCESS method=KSmoke.Verification_on_Contract_Invoice()[pri:20, instance:testcase.KSmoke@31fa1761] output={null}]]]>
              </value>
            </param>
          </params>
          <reporter-output>
          </reporter-output>
        </test-method> <!-- teardown -->
        <test-method signature="Verification_on_Contract_Invoice_Email()[pri:21, instance:testcase.KSmoke@31fa1761]" started-at="2024-05-29T19:40:44 IST" name="Verification_on_Contract_Invoice_Email" finished-at="2024-05-29T19:41:06 IST" duration-ms="22837" status="PASS">
          <reporter-output>
          </reporter-output>
        </test-method> <!-- Verification_on_Contract_Invoice_Email -->
        <test-method is-config="true" signature="teardown(org.testng.ITestResult)[pri:0, instance:testcase.KSmoke@31fa1761]" started-at="2024-05-29T19:41:06 IST" name="teardown" finished-at="2024-05-29T19:41:08 IST" duration-ms="2045" status="PASS">
          <params>
            <param index="0">
              <value>
                <![CDATA[[TestResult name=Verification_on_Contract_Invoice_Email status=SUCCESS method=KSmoke.Verification_on_Contract_Invoice_Email()[pri:21, instance:testcase.KSmoke@31fa1761] output={null}]]]>
              </value>
            </param>
          </params>
          <reporter-output>
          </reporter-output>
        </test-method> <!-- teardown -->
        <test-method signature="Verification_on_Contract_Reminder_Email()[pri:22, instance:testcase.KSmoke@31fa1761]" started-at="2024-05-29T19:41:08 IST" name="Verification_on_Contract_Reminder_Email" finished-at="2024-05-29T19:41:31 IST" duration-ms="22782" status="PASS">
          <reporter-output>
          </reporter-output>
        </test-method> <!-- Verification_on_Contract_Reminder_Email -->
        <test-method is-config="true" signature="teardown(org.testng.ITestResult)[pri:0, instance:testcase.KSmoke@31fa1761]" started-at="2024-05-29T19:41:31 IST" name="teardown" finished-at="2024-05-29T19:41:34 IST" duration-ms="2408" status="PASS">
          <params>
            <param index="0">
              <value>
                <![CDATA[[TestResult name=Verification_on_Contract_Reminder_Email status=SUCCESS method=KSmoke.Verification_on_Contract_Reminder_Email()[pri:22, instance:testcase.KSmoke@31fa1761] output={null}]]]>
              </value>
            </param>
          </params>
          <reporter-output>
          </reporter-output>
        </test-method> <!-- teardown -->
        <test-method signature="Verification_on_Contract_Jobs_created()[pri:23, instance:testcase.KSmoke@31fa1761]" started-at="2024-05-29T19:41:34 IST" name="Verification_on_Contract_Jobs_created" finished-at="2024-05-29T19:41:56 IST" duration-ms="22263" status="PASS">
          <reporter-output>
          </reporter-output>
        </test-method> <!-- Verification_on_Contract_Jobs_created -->
        <test-method is-config="true" signature="teardown(org.testng.ITestResult)[pri:0, instance:testcase.KSmoke@31fa1761]" started-at="2024-05-29T19:41:56 IST" name="teardown" finished-at="2024-05-29T19:41:58 IST" duration-ms="1922" status="PASS">
          <params>
            <param index="0">
              <value>
                <![CDATA[[TestResult name=Verification_on_Contract_Jobs_created status=SUCCESS method=KSmoke.Verification_on_Contract_Jobs_created()[pri:23, instance:testcase.KSmoke@31fa1761] output={null}]]]>
              </value>
            </param>
          </params>
          <reporter-output>
          </reporter-output>
        </test-method> <!-- teardown -->
        <test-method is-config="true" signature="tearDown()[pri:0, instance:testcase.KSmoke@31fa1761]" started-at="2024-05-29T19:41:58 IST" name="tearDown" finished-at="2024-05-29T19:42:01 IST" duration-ms="2627" status="PASS">
          <reporter-output>
          </reporter-output>
        </test-method> <!-- tearDown -->
      </class> <!-- testcase.KSmoke -->
    </test> <!-- Default test -->
  </suite> <!-- Default suite -->
</testng-results>
