<?xml version="1.0" encoding="UTF-8"?>
<!-- Generated by org.testng.reporters.JUnitXMLReporter -->
<testsuite ignored="0" hostname="emerald-2.local" failures="0" tests="23" name="Default test" time="1080.293" errors="0" timestamp="2024-05-29T19:41:58 IST">
  <testcase classname="testcase.KSmoke" name="Add_Customer" time="21.581"/>
  <testcase classname="testcase.KSmoke" name="Asset" time="11.453"/>
  <testcase classname="testcase.KSmoke" name="Contract_Creation_for_Customer" time="126.741"/>
  <testcase classname="testcase.KSmoke" name="Add_job_Prefinal" time="45.403"/>
  <testcase classname="testcase.KSmoke" name="Asset_to_new_customer" time="11.849"/>
  <testcase classname="testcase.KSmoke" name="Add_job_Final_Complete" time="36.302"/>
  <testcase classname="testcase.KSmoke" name="Addjob_NoRules" time="28.446"/>
  <testcase classname="testcase.KSmoke" name="Addjob_NoRules_Adddtional" time="33.166"/>
  <testcase classname="testcase.KSmoke" name="Estimate_Accept" time="50.461"/>
  <testcase classname="testcase.KSmoke" name="Estimate_Reject" time="45.372"/>
  <testcase classname="testcase.KSmoke" name="Addjob_NoRules_DiaryEvent" time="35.63"/>
  <testcase classname="testcase.KSmoke" name="Addpayment_job" time="30.145"/>
  <testcase classname="testcase.KSmoke" name="Workaddress_Add" time="24.665"/>
  <testcase classname="testcase.KSmoke" name="Asset_to_WA" time="11.202"/>
  <testcase classname="testcase.KSmoke" name="New_Contract_Template_Creation" time="172.47"/>
  <testcase classname="testcase.KSmoke" name="Add_new_contract_to_customer" time="150.439"/>
  <testcase classname="testcase.KSmoke" name="Verification_on_Contract_creation" time="23.71"/>
  <testcase classname="testcase.KSmoke" name="Verification_on_Contract_Activation" time="22.825"/>
  <testcase classname="testcase.KSmoke" name="Verification_on_Contract_Communication" time="22.791"/>
  <testcase classname="testcase.KSmoke" name="Verification_on_Contract_Invoice" time="22.851"/>
  <testcase classname="testcase.KSmoke" name="Verification_on_Contract_Invoice_Email" time="22.837"/>
  <testcase classname="testcase.KSmoke" name="Verification_on_Contract_Reminder_Email" time="22.782"/>
  <testcase classname="testcase.KSmoke" name="Verification_on_Contract_Jobs_created" time="22.263"/>
</testsuite> <!-- Default test -->
